Logfile initialized
[INFO] logfile = /Users/danielboorn/Desktop/Workspace/TiMVC/build.log
[DEBUG] /Library/Application Support/Titanium/mobilesdk/osx/1.8.2.v20120229140207/android/builder.py simulator TiMVC Framework Demo /Users/danielboorn/android_sdk /Users/danielboorn/Desktop/Workspace/TiMVC timvc.framework.demo 8 WVGA854 
[INFO] Building TiMVC Framework Demo for Android ... one moment
[INFO] Titanium SDK version: 1.8.2 (02/29/12 14:02 28f9b09)
[DEBUG] Waiting for device to be ready ...
[TRACE] adb devices returned 1 devices/emulators
[DEBUG] Device connected... (waited 0 seconds)
[DEBUG] waited 0.019452 seconds on emulator to get ready
[DEBUG] timvc.framework.demo installed? True
[INFO] Fastdev server running, deploying in Fastdev mode
[INFO] Copying project resources..
[TRACE] COPYING MODIFIED FILE: /Users/danielboorn/Desktop/Workspace/TiMVC/Resources/mvc/core/timvc.js => /Users/danielboorn/Desktop/Workspace/TiMVC/build/android/bin/assets/Resources/mvc/core/timvc.js
[INFO] Tiapp.xml unchanged, skipping class generation
[DEBUG] Processing Android resource drawables
[DEBUG] found drawable-long-land-hdpi splash screen at /Users/danielboorn/Desktop/Workspace/TiMVC/Resources/android/images/res-long-land-hdpi/default.png
[DEBUG] found drawable-long-land-ldpi splash screen at /Users/danielboorn/Desktop/Workspace/TiMVC/Resources/android/images/res-long-land-ldpi/default.png
[DEBUG] found drawable-long-port-hdpi splash screen at /Users/danielboorn/Desktop/Workspace/TiMVC/Resources/android/images/res-long-port-hdpi/default.png
[DEBUG] found drawable-long-port-ldpi splash screen at /Users/danielboorn/Desktop/Workspace/TiMVC/Resources/android/images/res-long-port-ldpi/default.png
[DEBUG] found drawable-notlong-land-hdpi splash screen at /Users/danielboorn/Desktop/Workspace/TiMVC/Resources/android/images/res-notlong-land-hdpi/default.png
[DEBUG] found drawable-notlong-land-ldpi splash screen at /Users/danielboorn/Desktop/Workspace/TiMVC/Resources/android/images/res-notlong-land-ldpi/default.png
[DEBUG] found drawable-notlong-land-mdpi splash screen at /Users/danielboorn/Desktop/Workspace/TiMVC/Resources/android/images/res-notlong-land-mdpi/default.png
[DEBUG] found drawable-notlong-port-hdpi splash screen at /Users/danielboorn/Desktop/Workspace/TiMVC/Resources/android/images/res-notlong-port-hdpi/default.png
[DEBUG] found drawable-notlong-port-ldpi splash screen at /Users/danielboorn/Desktop/Workspace/TiMVC/Resources/android/images/res-notlong-port-ldpi/default.png
[DEBUG] found drawable-notlong-port-mdpi splash screen at /Users/danielboorn/Desktop/Workspace/TiMVC/Resources/android/images/res-notlong-port-mdpi/default.png
[INFO] Waiting for SDCard to become available..
[INFO] Re-launching application ... TiMVC Framework Demo
[INFO] Launching application ... TiMVC Framework Demo
[TRACE] Launch output: Starting: Intent { act=android.intent.action.MAIN cat=[android.intent.category.LAUNCHER] cmp=timvc.framework.demo/.TimvcFrameworkDemoActivity }

[INFO] Android Emulator has exited
